<?xml version="1.0" encoding="UTF-8"?>
<testsuite xmlns:xsi="http://www.w3.org/2001/XMLSchema-instance" xsi:noNamespaceSchemaLocation="https://maven.apache.org/surefire/maven-surefire-plugin/xsd/surefire-test-report.xsd" name="TestSuite" time="4.792" tests="4" errors="0" skipped="0" failures="1">
  <properties>
[...]
</properties>
  <testcase name="PriceChangeValidation_24H" classname="test.PriceChange_Validation" time="2.506"/>
  <testcase name="BTC_ETH_PriceValidation" classname="test.PriceValidation" time="0.531">
    <failure message="The following asserts failed:&#10;	Test is failed expected [true] but found [false]" type="java.lang.AssertionError">java.lang.AssertionError: 
The following asserts failed:
	Test is failed expected [true] but found [false]
	at test.PriceValidation.BTC_ETH_PriceValidation(PriceValidation.java:40)
</failure>
    <system-out><![CDATA[HTTP/1.1 200 OK
Date: Thu, 13 Jul 2023 23:44:11 GMT
Content-Type: application/json
Transfer-Encoding: chunked
Connection: keep-alive
X-Powered-By: PHP/8.0.29
Access-Control-Allow-Origin: *
X-Cache-Status: HIT
CF-Cache-Status: DYNAMIC
Report-To: {"endpoints":[{"url":"https:\/\/a.nel.cloudflare.com\/report\/v3?s=XKetk7Oyp8eJmVi3UvD8bcGcbZqHKgjPruO23PNpgd%2BhUNxiXdd9cVyF9ndeqorcsbptFFBm03veFpfIDOv0vjYVsKHbuOHkmMlVMIxesKOGk%2ByADJq3truby%2FKm0MoCad4P"}],"group":"cf-nel","max_age":604800}
NEL: {"success_fraction":0,"report_to":"cf-nel","max_age":604800}
Server: cloudflare
CF-RAY: 7e65647618397133-YUL
Content-Encoding: gzip
alt-svc: h3=":443"; ma=86400

{
    "data": [
        {
            "id": "90",
            "symbol": "BTC",
            "name": "Bitcoin",
            "nameid": "bitcoin",
            "rank": 1,
            "price_usd": "31396.96",
            "percent_change_24h": "3.32",
            "percent_change_1h": "0.52",
            "percent_change_7d": "0.73",
            "price_btc": "1.00",
            "market_cap_usd": "609335940829.42",
            "volume24": 19206270736.636837,
            "volume24a": 12151525143.993916,
            "csupply": "19407484.00",
            "tsupply": "19407484",
            "msupply": "21000000"
        },
        {
            "id": "80",
            "symbol": "ETH",
            "name": "Ethereum",
            "nameid": "ethereum",
            "rank": 2,
            "price_usd": "1998.28",
            "percent_change_24h": "6.76",
            "percent_change_1h": "0.52",
            "percent_change_7d": "3.02",
            "price_btc": "0.063638",
            "market_cap_usd": "244540429418.98",
            "volume24": 38947845680.27127,
            "volume24a": 27308690861.258278,
            "csupply": "122375302.00",
            "tsupply": "122375302",
            "msupply": ""
        },
        {
            "id": "518",
            "symbol": "USDT",
            "name": "Tether",
            "nameid": "tether",
            "rank": 3,
            "price_usd": "0.999370",
            "percent_change_24h": "0.10",
            "percent_change_1h": "-0.02",
            "percent_change_7d": "-0.04",
            "price_btc": "0.000032",
            "market_cap_usd": "68276410400.01",
            "volume24": 47209248996.69627,
            "volume24a": 22124134134.456554,
            "csupply": "68319442037.00",
            "tsupply": "73141766321.234",
            "msupply": ""
        },
        {
            "id": "2710",
            "symbol": "BNB",
            "name": "Binance Coin",
            "nameid": "binance-coin",
            "rank": 4,
            "price_usd": "254.98",
            "percent_change_24h": "4.67",
            "percent_change_1h": "0.39",
            "percent_change_7d": "5.33",
            "price_btc": "0.008120",
            "market_cap_usd": "42530895586.74",
            "volume24": 602772799.7780207,
            "volume24a": 352967206.7461578,
            "csupply": "166801148.00",
            "tsupply": "192443301",
            "msupply": "200000000"
        },
        {
            "id": "33285",
            "symbol": "USDC",
            "name": "USD Coin",
            "nameid": "usd-coin",
            "rank": 5,
            "price_usd": "0.999655",
            "percent_change_24h": "-0.04",
            "percent_change_1h": "-0.01",
            "percent_change_7d": "-0.03",
            "price_btc": "0.000032",
            "market_cap_usd": "41286622714.00",
            "volume24": 31620613449.960537,
            "volume24a": 23438565865.33316,
            "csupply": "41300868946.00",
            "tsupply": "41300868946.621",
            "msupply": ""
        },
        {
            "id": "58",
            "symbol": "XRP",
            "name": "XRP",
            "nameid": "ripple",
            "rank": 6,
            "price_usd": "0.810000",
            "percent_change_24h": "71.88",
            "percent_change_1h": "0.11",
            "percent_change_7d": "68.91",
            "price_btc": "0.000026",
            "market_cap_usd": "34756710094.29",
            "volume24": 10890605483.545824,
            "volume24a": 581809614.6001047,
            "csupply": "42909539227.00",
            "tsupply": "99991841593",
            "msupply": "100000000000"
        },
        {
            "id": "48591",
            "symbol": "BUSD",
            "name": "Binance USD",
            "nameid": "binance-usd",
            "rank": 7,
            "price_usd": "0.999562",
            "percent_change_24h": "-0.04",
            "percent_change_1h": "-0.01",
            "percent_change_7d": "-0.05",
            "price_btc": "0.000032",
            "market_cap_usd": "16141844212.07",
            "volume24": 2472302974.810324,
            "volume24a": 1148216519.40258,
            "csupply": "16148914845.00",
            "tsupply": "16148914845.973",
            "msupply": ""
        },
        {
            "id": "257",
            "symbol": "ADA",
            "name": "Cardano",
            "nameid": "cardano",
            "rank": 8,
            "price_usd": "0.353391",
            "percent_change_24h": "22.51",
            "percent_change_1h": "2.45",
            "percent_change_7d": "21.46",
            "price_btc": "0.000011",
            "market_cap_usd": "12235143250.58",
            "volume24": 901364161.6138957,
            "volume24a": 124269596.7394331,
            "csupply": "34622161734.00",
            "tsupply": "35467426506.415",
            "msupply": "45000000000"
        },
        {
            "id": "2",
            "symbol": "DOGE",
            "name": "Dogecoin",
            "nameid": "dogecoin",
            "rank": 9,
            "price_usd": "0.070292",
            "percent_change_24h": "8.54",
            "percent_change_1h": "0.93",
            "percent_change_7d": "3.59",
            "price_btc": "0.000002",
            "market_cap_usd": "9830121953.31",
            "volume24": 592754513.5694715,
            "volume24a": 128249031.02717975,
            "csupply": "139847056384.00",
            "tsupply": "139847056384",
            "msupply": ""
        },
        {
            "id": "48543",
            "symbol": "SOL",
            "name": "Solana",
            "nameid": "solana",
            "rank": 10,
            "price_usd": "25.66",
            "percent_change_24h": "16.54",
            "percent_change_1h": "0.01",
            "percent_change_7d": "27.22",
            "price_btc": "0.000817",
            "market_cap_usd": "9627694915.09",
            "volume24": 1416536726.9425588,
            "volume24a": 496014773.1602404,
            "csupply": "375273818.00",
            "tsupply": "491561409.22682",
            "msupply": ""
        },
        {
            "id": "46971",
            "symbol": "STETH",
            "name": "Staked Ether",
            "nameid": "staked-ether",
            "rank": 11,
            "price_usd": "1967.72",
            "percent_change_24h": "5.32",
            "percent_change_1h": "-0.36",
            "percent_change_7d": "1.69",
            "price_btc": "0.062665",
            "market_cap_usd": "8415658688.20",
            "volume24": 933925.9705734918,
            "volume24a": 2332262.759843461,
            "csupply": "4276864.00",
            "tsupply": null,
            "msupply": null
        },
        {
            "id": "2713",
            "symbol": "TRX",
            "name": "TRON",
            "nameid": "tron",
            "rank": 12,
            "price_usd": "0.081286",
            "percent_change_24h": "4.38",
            "percent_change_1h": "0.06",
            "percent_change_7d": "3.75",
            "price_btc": "0.000003",
            "market_cap_usd": "7451346783.89",
            "volume24": 231484320.99110144,
            "volume24a": 139167510.03224036,
            "csupply": "91668462019.00",
            "tsupply": "100000000000",
            "msupply": ""
        },
        {
            "id": "1",
            "symbol": "LTC",
            "name": "Litecoin",
            "nameid": "litecoin",
            "rank": 13,
            "price_usd": "101.37",
            "percent_change_24h": "5.29",
            "percent_change_1h": "0.78",
            "percent_change_7d": "-2.74",
            "price_btc": "0.003228",
            "market_cap_usd": "7418798344.04",
            "volume24": 2397788331.6261153,
            "volume24a": 959424558.9021448,
            "csupply": "73186377.00",
            "tsupply": "73186377",
            "msupply": "84000000"
        },
        {
            "id": "45219",
            "symbol": "DOT",
            "name": "Polkadot",
            "nameid": "polkadot",
            "rank": 14,
            "price_usd": "5.55",
            "percent_change_24h": "7.65",
            "percent_change_1h": "0.59",
            "percent_change_7d": "4.58",
            "price_btc": "0.000177",
            "market_cap_usd": "6327069977.84",
            "volume24": 199644764.83163148,
            "volume24a": 109674345.31059353,
            "csupply": "1140780140.00",
            "tsupply": "1221728611.6701",
            "msupply": "1221728611.6701"
        },
        {
            "id": "33422",
            "symbol": "WBTC",
            "name": "Wrapped Bitcoin",
            "nameid": "wrapped-bitcoin",
            "rank": 15,
            "price_usd": "31259.15",
            "percent_change_24h": "3.24",
            "percent_change_1h": "0.34",
            "percent_change_7d": "0.62",
            "price_btc": "0.995488",
            "market_cap_usd": "5507736993.05",
            "volume24": 38402550.88161596,
            "volume24a": 23856966.23925187,
            "csupply": "176196.00",
            "tsupply": "176196.96135694",
            "msupply": ""
        },
        {
            "id": "2321",
            "symbol": "BCH",
            "name": "Bitcoin Cash",
            "nameid": "bitcoin-cash",
            "rank": 16,
            "price_usd": "272.94",
            "percent_change_24h": "-3.44",
            "percent_change_1h": "0.46",
            "percent_change_7d": "-7.82",
            "price_btc": "0.008692",
            "market_cap_usd": "5301741810.59",
            "volume24": 2455716470.263333,
            "volume24a": 1869653797.3464153,
            "csupply": "19424837.00",
            "tsupply": "19424837",
            "msupply": "21000000"
        },
        {
            "id": "47305",
            "symbol": "UNI",
            "name": "Uniswap",
            "nameid": "uniswap",
            "rank": 17,
            "price_usd": "5.83",
            "percent_change_24h": "10.90",
            "percent_change_1h": "1.01",
            "percent_change_7d": "4.77",
            "price_btc": "0.000186",
            "market_cap_usd": "4447052613.53",
            "volume24": 87341644.03757973,
            "volume24a": 41118929.28427194,
            "csupply": "762209326.00",
            "tsupply": "1000000000",
            "msupply": "1000000000"
        },
        {
            "id": "44883",
            "symbol": "AVAX",
            "name": "Avalanche",
            "nameid": "avalanche",
            "rank": 18,
            "price_usd": "14.01",
            "percent_change_24h": "7.34",
            "percent_change_1h": "0.37",
            "percent_change_7d": "7.63",
            "price_btc": "0.000446",
            "market_cap_usd": "4415968507.27",
            "volume24": 223290586.95182186,
            "volume24a": 101700107.26575011,
            "csupply": "315125667.00",
            "tsupply": "420531657.22777",
            "msupply": "720000000"
        },
        {
            "id": "45088",
            "symbol": "SHIB",
            "name": "Shiba Inu",
            "nameid": "shiba-inu",
            "rank": 19,
            "price_usd": "0.000008",
            "percent_change_24h": "5.87",
            "percent_change_1h": "-0.16",
            "percent_change_7d": "4.58",
            "price_btc": "2.53E-10",
            "market_cap_usd": "4367145771.50",
            "volume24": 153263219.90709054,
            "volume24a": 60640786.6543397,
            "csupply": "549063278876300.00",
            "tsupply": "999990932407042",
            "msupply": ""
        },
        {
            "id": "89",
            "symbol": "XLM",
            "name": "Stellar",
            "nameid": "stellar",
            "rank": 20,
            "price_usd": "0.151547",
            "percent_change_24h": "57.32",
            "percent_change_1h": "1.24",
            "percent_change_7d": "50.26",
            "price_btc": "0.000005",
            "market_cap_usd": "4077496262.37",
            "volume24": 1009678323.4595811,
            "volume24a": 43362317.38759805,
            "csupply": "26905816194.00",
            "tsupply": "104303927518",
            "msupply": "104303927518"
        },
        {
            "id": "33833",
            "symbol": "LEO",
            "name": "UNUS SED LEO",
            "nameid": "unus-sed-leo",
            "rank": 21,
            "price_usd": "4.17",
            "percent_change_24h": "1.85",
            "percent_change_1h": "-0.39",
            "percent_change_7d": "5.23",
            "price_btc": "0.000133",
            "market_cap_usd": "3977421313.16",
            "volume24": 2075151.2591033669,
            "volume24a": 1899604.455626947,
            "csupply": "953954130.00",
            "tsupply": "985239504",
            "msupply": ""
        },
        {
            "id": "2751",
            "symbol": "LINK",
            "name": "ChainLink",
            "nameid": "chainlink",
            "rank": 22,
            "price_usd": "6.99",
            "percent_change_24h": "11.88",
            "percent_change_1h": "0.73",
            "percent_change_7d": "8.95",
            "price_btc": "0.000223",
            "market_cap_usd": "3549583641.09",
            "volume24": 356201849.6983624,
            "volume24a": 144308174.77945545,
            "csupply": "507999970.00",
            "tsupply": "1000000000",
            "msupply": "1000000000"
        },
        {
            "id": "28",
            "symbol": "XMR",
            "name": "Monero",
            "nameid": "monero",
            "rank": 23,
            "price_usd": "164.63",
            "percent_change_24h": "0.52",
            "percent_change_1h": "0.08",
            "percent_change_7d": "-2.56",
            "price_btc": "0.005243",
            "market_cap_usd": "3002636421.34",
            "volume24": 1709917519.3625736,
            "volume24a": 1088960517.5264971,
            "csupply": "18239161.00",
            "tsupply": "18239161.526205",
            "msupply": ""
        },
        {
            "id": "33830",
            "symbol": "ATOM",
            "name": "Cosmos",
            "nameid": "cosmos",
            "rank": 24,
            "price_usd": "9.85",
            "percent_change_24h": "8.57",
            "percent_change_1h": "1.12",
            "percent_change_7d": "3.05",
            "price_btc": "0.000314",
            "market_cap_usd": "2821047076.41",
            "volume24": 159905599.405598,
            "volume24a": 66047513.12490001,
            "csupply": "286370297.00",
            "tsupply": "286370297",
            "msupply": ""
        },
        {
            "id": "118",
            "symbol": "ETC",
            "name": "Ethereum Classic",
            "nameid": "ethereum-classic",
            "rank": 25,
            "price_usd": "20.07",
            "percent_change_24h": "6.88",
            "percent_change_1h": "0.57",
            "percent_change_7d": "1.26",
            "price_btc": "0.000639",
            "market_cap_usd": "2794167911.87",
            "volume24": 317135614.64293426,
            "volume24a": 167201253.562936,
            "csupply": "139232880.00",
            "tsupply": "210700000",
            "msupply": "210700000"
        },
        {
            "id": "33531",
            "symbol": "OKB",
            "name": "OKB",
            "nameid": "okb",
            "rank": 26,
            "price_usd": "44.01",
            "percent_change_24h": "3.07",
            "percent_change_1h": "0.64",
            "percent_change_7d": "1.50",
            "price_btc": "0.001402",
            "market_cap_usd": "2640501326.16",
            "volume24": 3712439.0236045653,
            "volume24a": 1551082.09964573,
            "csupply": "60000000.00",
            "tsupply": "300000000",
            "msupply": ""
        },
        {
            "id": "77729",
            "symbol": "TON",
            "name": "The Open Network",
            "nameid": "the-open-network",
            "rank": 27,
            "price_usd": "1.36",
            "percent_change_24h": "2.88",
            "percent_change_1h": "0.51",
            "percent_change_7d": "-2.44",
            "price_btc": "0.000043",
            "market_cap_usd": "1997515917.61",
            "volume24": 4060305.360539757,
            "volume24a": 2887454.993686853,
            "csupply": "1473591410.00",
            "tsupply": "5057362773.9969",
            "msupply": "5057362773.9969"
        },
        {
            "id": "46981",
            "symbol": "LDO",
            "name": "Lido DAO",
            "nameid": "lido-dao",
            "rank": 28,
            "price_usd": "2.24",
            "percent_change_24h": "18.70",
            "percent_change_1h": "2.07",
            "percent_change_7d": "6.64",
            "price_btc": "0.000071",
            "market_cap_usd": "1883272374.92",
            "volume24": 99353054.0243725,
            "volume24a": 21227559.161685668,
            "csupply": "842566596.00",
            "tsupply": "1000000000",
            "msupply": "1000000000"
        },
        {
            "id": "33536",
            "symbol": "MATIC",
            "name": "Matic Network",
            "nameid": "matic-network",
            "rank": 29,
            "price_usd": "0.844404",
            "percent_change_24h": "16.46",
            "percent_change_1h": "0.10",
            "percent_change_7d": "20.91",
            "price_btc": "0.000027",
            "market_cap_usd": "1836739273.70",
            "volume24": 766355797.1407518,
            "volume24a": 196347583.77215654,
            "csupply": "2175190262.00",
            "tsupply": "10000000000",
            "msupply": ""
        },
        {
            "id": "32607",
            "symbol": "FIL",
            "name": "Filecoin",
            "nameid": "filecoin",
            "rank": 30,
            "price_usd": "4.60",
            "percent_change_24h": "8.82",
            "percent_change_1h": "0.69",
            "percent_change_7d": "-0.19",
            "price_btc": "0.000147",
            "market_cap_usd": "1793428476.30",
            "volume24": 197498896.26862517,
            "volume24a": 93896257.33211876,
            "csupply": "389513726.00",
            "tsupply": "389513726",
            "msupply": ""
        },
        {
            "id": "93847",
            "symbol": "ARB",
            "name": "Arbitrum",
            "nameid": "arbitrum",
            "rank": 31,
            "price_usd": "1.22",
            "percent_change_24h": "8.26",
            "percent_change_1h": "0.09",
            "percent_change_7d": "7.32",
            "price_btc": "0.000039",
            "market_cap_usd": "1550705821.83",
            "volume24": 133134917.95372497,
            "volume24a": 61827633.6140359,
            "csupply": "1275000000.00",
            "tsupply": "10000000000",
            "msupply": null
        },
        {
            "id": "2741",
            "symbol": "VET",
            "name": "VeChain",
            "nameid": "vechain",
            "rank": 32,
            "price_usd": "0.020134",
            "percent_change_24h": "6.24",
            "percent_change_1h": "0.61",
            "percent_change_7d": "2.58",
            "price_btc": "6.41E-7",
            "market_cap_usd": "1459950002.25",
            "volume24": 61184769.66743974,
            "volume24a": 35669291.16791078,
            "csupply": "72511146418.00",
            "tsupply": "85985041177",
            "msupply": "86712634466"
        },
        {
            "id": "33085",
            "symbol": "QNT",
            "name": "Quant",
            "nameid": "quant",
            "rank": 33,
            "price_usd": "104.44",
            "percent_change_24h": "3.48",
            "percent_change_1h": "-0.16",
            "percent_change_7d": "-1.18",
            "price_btc": "0.003326",
            "market_cap_usd": "1260829026.13",
            "volume24": 27201210.722591422,
            "volume24a": 13648317.188289363,
            "csupply": "12072738.00",
            "tsupply": "45467000",
            "msupply": "14612493"
        },
        {
            "id": "48563",
            "symbol": "NEAR",
            "name": "NEAR Protocol",
            "nameid": "near-protocol",
            "rank": 34,
            "price_usd": "1.46",
            "percent_change_24h": "9.48",
            "percent_change_1h": "0.58",
            "percent_change_7d": "6.25",
            "price_btc": "0.000047",
            "market_cap_usd": "1245566547.80",
            "volume24": 93927468.65713991,
            "volume24a": 45332664.95823711,
            "csupply": "852573235.00",
            "tsupply": "1000000000",
            "msupply": "1000000000"
        },
        {
            "id": "46018",
            "symbol": "AAVE",
            "name": "Aave",
            "nameid": "aave",
            "rank": 35,
            "price_usd": "78.38",
            "percent_change_24h": "3.51",
            "percent_change_1h": "0.53",
            "percent_change_7d": "2.77",
            "price_btc": "0.002496",
            "market_cap_usd": "1104693443.69",
            "volume24": 366517879.117254,
            "volume24a": 270109364.82376915,
            "csupply": "14093192.00",
            "tsupply": "16000000",
            "msupply": "16000000"
        },
        {
            "id": "48561",
            "symbol": "GRT",
            "name": "The Graph",
            "nameid": "the-graph",
            "rank": 36,
            "price_usd": "0.122068",
            "percent_change_24h": "4.65",
            "percent_change_1h": "0.98",
            "percent_change_7d": "0.24",
            "price_btc": "0.000004",
            "market_cap_usd": "1072407360.61",
            "volume24": 43643929.19162038,
            "volume24a": 25790391.300944943,
            "csupply": "8785330628.00",
            "tsupply": "10611169053",
            "msupply": "10556361679"
        },
        {
            "id": "46968",
            "symbol": "FRAX",
            "name": "Frax",
            "nameid": "frax",
            "rank": 37,
            "price_usd": "1.01",
            "percent_change_24h": "0.84",
            "percent_change_1h": "0.18",
            "percent_change_7d": "0.68",
            "price_btc": "0.000032",
            "market_cap_usd": "1030906666.43",
            "volume24": 7336275.1300069885,
            "volume24a": 1503593.7261400998,
            "csupply": "1024353133.00",
            "tsupply": "1024353133.2588",
            "msupply": ""
        },
        {
            "id": "32479",
            "symbol": "TUSD",
            "name": "TrueUSD",
            "nameid": "trueusd",
            "rank": 38,
            "price_usd": "0.999851",
            "percent_change_24h": "0.08",
            "percent_change_1h": "0.03",
            "percent_change_7d": "-0.03",
            "price_btc": "0.000032",
            "market_cap_usd": "946493921.59",
            "volume24": 2998040590.38243,
            "volume24a": 2278752744.1787663,
            "csupply": "946634804.00",
            "tsupply": "946634804.97095",
            "msupply": ""
        },
        {
            "id": "48569",
            "symbol": "STX",
            "name": "Stacks",
            "nameid": "stacks",
            "rank": 39,
            "price_usd": "0.679450",
            "percent_change_24h": "1.37",
            "percent_change_1h": "0.62",
            "percent_change_7d": "-1.33",
            "price_btc": "0.000022",
            "market_cap_usd": "924051249.36",
            "volume24": 69246827.14535639,
            "volume24a": 51750342.51194366,
            "csupply": "1359998486.00",
            "tsupply": "1352464600",
            "msupply": "1818000000"
        },
        {
            "id": "12377",
            "symbol": "MKR",
            "name": "Maker",
            "nameid": "maker",
            "rank": 40,
            "price_usd": "926.48",
            "percent_change_24h": "2.19",
            "percent_change_1h": "0.20",
            "percent_change_7d": "-10.14",
            "price_btc": "0.029505",
            "market_cap_usd": "905754632.07",
            "volume24": 285007342.551613,
            "volume24a": 177407646.3597596,
            "csupply": "977631.00",
            "tsupply": "977631.03695089",
            "msupply": "1005577"
        },
        {
            "id": "34406",
            "symbol": "ALGO",
            "name": "Algorand",
            "nameid": "algorand",
            "rank": 41,
            "price_usd": "0.120699",
            "percent_change_24h": "13.71",
            "percent_change_1h": "1.11",
            "percent_change_7d": "-0.16",
            "price_btc": "0.000004",
            "market_cap_usd": "866190285.48",
            "volume24": 140184724.8263098,
            "volume24a": 42422099.88173989,
            "csupply": "7176451411.00",
            "tsupply": "7398649569.7265",
            "msupply": "10000000000"
        },
        {
            "id": "2679",
            "symbol": "EOS",
            "name": "EOS",
            "nameid": "eos",
            "rank": 42,
            "price_usd": "0.796920",
            "percent_change_24h": "10.51",
            "percent_change_1h": "0.03",
            "percent_change_7d": "6.55",
            "price_btc": "0.000025",
            "market_cap_usd": "861681203.98",
            "volume24": 183007546.06349838,
            "volume24a": 91732986.8500488,
            "csupply": "1081263745.00",
            "tsupply": "1082442140.5364",
            "msupply": ""
        },
        {
            "id": "64671",
            "symbol": "USDP",
            "name": "Pax Dollar",
            "nameid": "pax-dollar",
            "rank": 43,
            "price_usd": "0.999825",
            "percent_change_24h": "-0.02",
            "percent_change_1h": "-0.02",
            "percent_change_7d": "-0.02",
            "price_btc": "0.000032",
            "market_cap_usd": "860118193.97",
            "volume24": 1292208.506930575,
            "volume24a": 1248074.4330527878,
            "csupply": "860268741.00",
            "tsupply": null,
            "msupply": null
        },
        {
            "id": "33644",
            "symbol": "FTM",
            "name": "Fantom",
            "nameid": "fantom",
            "rank": 44,
            "price_usd": "0.305675",
            "percent_change_24h": "12.41",
            "percent_change_1h": "-0.13",
            "percent_change_7d": "1.00",
            "price_btc": "0.000010",
            "market_cap_usd": "848763156.13",
            "volume24": 152851606.58605784,
            "volume24a": 69807845.55038872,
            "csupply": "2776684253.00",
            "tsupply": "3175000000",
            "msupply": "3175000000"
        },
        {
            "id": "3682",
            "symbol": "XTZ",
            "name": "Tezos",
            "nameid": "tezos",
            "rank": 45,
            "price_usd": "0.901626",
            "percent_change_24h": "9.38",
            "percent_change_1h": "0.67",
            "percent_change_7d": "10.29",
            "price_btc": "0.000029",
            "market_cap_usd": "835501624.06",
            "volume24": 17333482.47359447,
            "volume24a": 9334645.628996132,
            "csupply": "926661394.00",
            "tsupply": "948074271.2703",
            "msupply": ""
        },
        {
            "id": "32360",
            "symbol": "THETA",
            "name": "Theta Token",
            "nameid": "theta-token",
            "rank": 46,
            "price_usd": "0.825484",
            "percent_change_24h": "9.02",
            "percent_change_1h": "0.02",
            "percent_change_7d": "9.55",
            "price_btc": "0.000026",
            "market_cap_usd": "825484361.30",
            "volume24": 37687079.22542516,
            "volume24a": 18765274.3066952,
            "csupply": "1000000000.00",
            "tsupply": "1000000000",
            "msupply": null
        },
        {
            "id": "258",
            "symbol": "MANA",
            "name": "Decentraland",
            "nameid": "decentraland",
            "rank": 47,
            "price_usd": "0.439123",
            "percent_change_24h": "11.54",
            "percent_change_1h": "2.12",
            "percent_change_7d": "10.48",
            "price_btc": "0.000014",
            "market_cap_usd": "814609985.00",
            "volume24": 99500358.23258504,
            "volume24a": 36876783.05120218,
            "csupply": "1855084191.00",
            "tsupply": "2193190827",
            "msupply": ""
        },
        {
            "id": "33234",
            "symbol": "BCHSV",
            "name": "Bitcoin SV",
            "nameid": "bitcoin-cash-sv",
            "rank": 48,
            "price_usd": "39.08",
            "percent_change_24h": "-1.17",
            "percent_change_1h": "0.56",
            "percent_change_7d": "-13.72",
            "price_btc": "0.001245",
            "market_cap_usd": "752999393.26",
            "volume24": 59032434.78495702,
            "volume24a": 55262935.34323372,
            "csupply": "19266077.00",
            "tsupply": "21000000",
            "msupply": "21000000"
        },
        {
            "id": "69801",
            "symbol": "USDD",
            "name": "USDD",
            "nameid": "usdd",
            "rank": 49,
            "price_usd": "0.999022",
            "percent_change_24h": "0.02",
            "percent_change_1h": "0.10",
            "percent_change_7d": "0.09",
            "price_btc": "0.000032",
            "market_cap_usd": "724622394.75",
            "volume24": 11200488.6306292,
            "volume24a": 9440574.217948163,
            "csupply": "725332035.00",
            "tsupply": "736115169",
            "msupply": ""
        },
        {
            "id": "45161",
            "symbol": "SAND",
            "name": "The Sandbox",
            "nameid": "the-sandbox",
            "rank": 50,
            "price_usd": "0.475813",
            "percent_change_24h": "12.46",
            "percent_change_1h": "1.42",
            "percent_change_7d": "8.98",
            "price_btc": "0.000015",
            "market_cap_usd": "713467212.05",
            "volume24": 146685284.3011855,
            "volume24a": 53675031.22009966,
            "csupply": "1499470108.00",
            "tsupply": "3000000000",
            "msupply": "3000000000"
        },
        {
            "id": "133",
            "symbol": "NEO",
            "name": "Neo",
            "nameid": "neo",
            "rank": 51,
            "price_usd": "9.59",
            "percent_change_24h": "5.16",
            "percent_change_1h": "0.85",
            "percent_change_7d": "1.55",
            "price_btc": "0.000306",
            "market_cap_usd": "676761440.64",
            "volume24": 68308141.58813241,
            "volume24a": 48801068.66329615,
            "csupply": "70538831.00",
            "tsupply": "100000000",
            "msupply": "100000000"
        },
        {
            "id": "46575",
            "symbol": "AXS",
            "name": "Axie Infinity",
            "nameid": "axie-infinity",
            "rank": 52,
            "price_usd": "6.68",
            "percent_change_24h": "11.70",
            "percent_change_1h": "0.50",
            "percent_change_7d": "9.53",
            "price_btc": "0.000213",
            "market_cap_usd": "673999391.82",
            "volume24": 138487765.07896993,
            "volume24a": 50665587.23445383,
            "csupply": "100910035.00",
            "tsupply": "270000000",
            "msupply": "270000000"
        },
        {
            "id": "93841",
            "symbol": "PEPE",
            "name": "Pepe",
            "nameid": "pepe",
            "rank": 53,
            "price_usd": "0.000002",
            "percent_change_24h": "11.63",
            "percent_change_1h": "0.80",
            "percent_change_7d": "-3.20",
            "price_btc": "5.36E-11",
            "market_cap_usd": "659659601.77",
            "volume24": 265484138.34048572,
            "volume24a": 106216307.58172828,
            "csupply": "391790000000000.00",
            "tsupply": "420690000000000",
            "msupply": null
        },
        {
            "id": "48589",
            "symbol": "FLOW",
            "name": "Flow",
            "nameid": "flow",
            "rank": 54,
            "price_usd": "0.629307",
            "percent_change_24h": "7.27",
            "percent_change_1h": "-0.16",
            "percent_change_7d": "-1.96",
            "price_btc": "0.000020",
            "market_cap_usd": "652087444.46",
            "volume24": 54046599.372148424,
            "volume24a": 27465588.520855796,
            "csupply": "1036200000.00",
            "tsupply": "1414011748",
            "msupply": ""
        },
        {
            "id": "32893",
            "symbol": "PHB",
            "name": "Red Pulse Phoenix",
            "nameid": "red-pulse",
            "rank": 55,
            "price_usd": "0.747500",
            "percent_change_24h": "15.78",
            "percent_change_1h": "1.41",
            "percent_change_7d": "5.80",
            "price_btc": "0.000024",
            "market_cap_usd": "620117543.53",
            "volume24": 3024717.6487125005,
            "volume24a": 795419.6171424,
            "csupply": "829588687.00",
            "tsupply": "1362278592",
            "msupply": ""
        },
        {
            "id": "48581",
            "symbol": "CRV",
            "name": "Curve DAO Token",
            "nameid": "curve-dao-token",
            "rank": 56,
            "price_usd": "0.841555",
            "percent_change_24h": "7.28",
            "percent_change_1h": "0.56",
            "percent_change_7d": "5.85",
            "price_btc": "0.000027",
            "market_cap_usd": "611764777.04",
            "volume24": 28226692.44582813,
            "volume24a": 18670463.41789394,
            "csupply": "726945497.00",
            "tsupply": "1919758528",
            "msupply": "3303030299"
        },
        {
            "id": "45930",
            "symbol": "APE",
            "name": "APEcoin",
            "nameid": "apecoin",
            "rank": 57,
            "price_usd": "1.98",
            "percent_change_24h": "4.93",
            "percent_change_1h": "-0.24",
            "percent_change_7d": "-5.89",
            "price_btc": "0.000063",
            "market_cap_usd": "608132472.61",
            "volume24": 119067600.2421969,
            "volume24a": 69745014.7819259,
            "csupply": "306875000.00",
            "tsupply": "10000000",
            "msupply": "10000000"
        },
        {
            "id": "51539",
            "symbol": "XEC",
            "name": "eCash",
            "nameid": "ecash",
            "rank": 58,
            "price_usd": "0.000031",
            "percent_change_24h": "-6.99",
            "percent_change_1h": "0.01",
            "percent_change_7d": "-17.70",
            "price_btc": "9.90E-10",
            "market_cap_usd": "600271937.51",
            "volume24": 13392856.485473081,
            "volume24a": 10944538.033287704,
            "csupply": "19305535923303.00",
            "tsupply": "19141067173303",
            "msupply": "21000000000000"
        },
        {
            "id": "46183",
            "symbol": "INJ",
            "name": "Injective Protocol",
            "nameid": "injective-protocol",
            "rank": 59,
            "price_usd": "8.75",
            "percent_change_24h": "9.55",
            "percent_change_1h": "0.82",
            "percent_change_7d": "3.47",
            "price_btc": "0.000279",
            "market_cap_usd": "568685463.88",
            "volume24": 125347406.58705942,
            "volume24a": 62202068.33541016,
            "csupply": "65005555.00",
            "tsupply": "100000000",
            "msupply": "100000000"
        },
        {
            "id": "2750",
            "symbol": "KCS",
            "name": "KuCoin Shares",
            "nameid": "kucoin-shares",
            "rank": 60,
            "price_usd": "6.32",
            "percent_change_24h": "3.29",
            "percent_change_1h": "0.43",
            "percent_change_7d": "-2.16",
            "price_btc": "0.000201",
            "market_cap_usd": "561131910.38",
            "volume24": 2996357.688357262,
            "volume24a": 1655205.2538391496,
            "csupply": "88745681.00",
            "tsupply": "170118637",
            "msupply": ""
        },
        {
            "id": "34391",
            "symbol": "CHZ",
            "name": "Chiliz",
            "nameid": "chiliz",
            "rank": 61,
            "price_usd": "0.083878",
            "percent_change_24h": "9.59",
            "percent_change_1h": "0.88",
            "percent_change_7d": "6.03",
            "price_btc": "0.000003",
            "market_cap_usd": "558921431.08",
            "volume24": 37927309.09260063,
            "volume24a": 21523530.60038775,
            "csupply": "6663503543.00",
            "tsupply": "8888888888",
            "msupply": "8888888888"
        },
        {
            "id": "33819",
            "symbol": "CRO",
            "name": "Crypto.com Chain",
            "nameid": "crypto-com-chain",
            "rank": 62,
            "price_usd": "0.059862",
            "percent_change_24h": "4.93",
            "percent_change_1h": "0.55",
            "percent_change_7d": "2.86",
            "price_btc": "0.000002",
            "market_cap_usd": "555572087.51",
            "volume24": 7130683.101932543,
            "volume24a": 3688890.270145722,
            "csupply": "9280821918.00",
            "tsupply": "100000000000",
            "msupply": ""
        },
        {
            "id": "42531",
            "symbol": "KLAY",
            "name": "Klaytn",
            "nameid": "klaytn",
            "rank": 63,
            "price_usd": "0.177051",
            "percent_change_24h": "7.85",
            "percent_change_1h": "0.14",
            "percent_change_7d": "0.64",
            "price_btc": "0.000006",
            "market_cap_usd": "548102790.39",
            "volume24": 13713393.48085658,
            "volume24a": 5281287.826672087,
            "csupply": "3095731717.00",
            "tsupply": "11021438731.797",
            "msupply": ""
        },
        {
            "id": "44863",
            "symbol": "RNDR",
            "name": "Render Token",
            "nameid": "render-token",
            "rank": 64,
            "price_usd": "2.13",
            "percent_change_24h": "9.86",
            "percent_change_1h": "2.76",
            "percent_change_7d": "4.23",
            "price_btc": "0.000068",
            "market_cap_usd": "539527835.20",
            "volume24": 64718687.55089789,
            "volume24a": 36303337.18050533,
            "csupply": "253798859.00",
            "tsupply": "531016083",
            "msupply": "536870912"
        },
        {
            "id": "447",
            "symbol": "MIOTA",
            "name": "IOTA",
            "nameid": "iota",
            "rank": 65,
            "price_usd": "0.192854",
            "percent_change_24h": "6.77",
            "percent_change_1h": "0.54",
            "percent_change_7d": "2.80",
            "price_btc": "0.000006",
            "market_cap_usd": "536043382.63",
            "volume24": 6165305.911710482,
            "volume24a": 3771857.5612121555,
            "csupply": "2779530283.00",
            "tsupply": "2779530283",
            "msupply": "2779530283"
        },
        {
            "id": "134",
            "symbol": "ZEC",
            "name": "Zcash",
            "nameid": "zcash",
            "rank": 66,
            "price_usd": "32.81",
            "percent_change_24h": "12.60",
            "percent_change_1h": "1.96",
            "percent_change_7d": "-0.92",
            "price_btc": "0.001045",
            "market_cap_usd": "535653516.87",
            "volume24": 228485915.07308477,
            "volume24a": 98045039.38831332,
            "csupply": "16328269.00",
            "tsupply": "16328269",
            "msupply": "21000000"
        },
        {
            "id": "42227",
            "symbol": "PAXG",
            "name": "PAX Gold",
            "nameid": "pax-gold",
            "rank": 67,
            "price_usd": "1938.94",
            "percent_change_24h": "-0.23",
            "percent_change_1h": "0.02",
            "percent_change_7d": "1.98",
            "price_btc": "0.061748",
            "market_cap_usd": "525963285.96",
            "volume24": 799560138.4787453,
            "volume24a": 795840682.4492774,
            "csupply": "271263.00",
            "tsupply": "271263.71",
            "msupply": ""
        },
        {
            "id": "48537",
            "symbol": "LUNC",
            "name": "Terra Classic",
            "nameid": "terra-luna",
            "rank": 68,
            "price_usd": "0.000087",
            "percent_change_24h": "1.75",
            "percent_change_1h": "-0.02",
            "percent_change_7d": "1.83",
            "price_btc": "2.76E-9",
            "market_cap_usd": "513026864.46",
            "volume24": 22821111.27403299,
            "volume24a": 9791083.003700294,
            "csupply": "5924247387375.00",
            "tsupply": "6576804998885.5",
            "msupply": "6576804998885.5"
        },
        {
            "id": "48547",
            "symbol": "FTT",
            "name": "FTX Token",
            "nameid": "ftx-token",
            "rank": 69,
            "price_usd": "1.56",
            "percent_change_24h": "0.06",
            "percent_change_1h": "-0.43",
            "percent_change_7d": "0.09",
            "price_btc": "0.000050",
            "market_cap_usd": "512601727.74",
            "volume24": 47905854.62729972,
            "volume24a": 46883901.8213747,
            "csupply": "328895103.00",
            "tsupply": "328895103.81321",
            "msupply": "352170015"
        },
        {
            "id": "44035",
            "symbol": "TKX",
            "name": "Tokenize Xchange",
            "nameid": "tokenize-xchange",
            "rank": 70,
            "price_usd": "6.33",
            "percent_change_24h": "9.05",
            "percent_change_1h": "0.49",
            "percent_change_7d": "4.53",
            "price_btc": "0.000202",
            "market_cap_usd": "506304855.02",
            "volume24": 11039856.235451624,
            "volume24a": 7877227.859144931,
            "csupply": "79996000.00",
            "tsupply": "100000000",
            "msupply": ""
        },
        {
            "id": "47304",
            "symbol": "COMP",
            "name": "Compound",
            "nameid": "compound",
            "rank": 71,
            "price_usd": "69.10",
            "percent_change_24h": "-1.35",
            "percent_change_1h": "0.35",
            "percent_change_7d": "13.08",
            "price_btc": "0.002201",
            "market_cap_usd": "502149616.68",
            "volume24": 191224337.39954656,
            "volume24a": 108456804.79961419,
            "csupply": "7267151.00",
            "tsupply": "10000000",
            "msupply": "10000000"
        },
        {
            "id": "48555",
            "symbol": "HBAR",
            "name": "Hedera Hashgraph",
            "nameid": "hedera-hashgraph",
            "rank": 72,
            "price_usd": "0.052059",
            "percent_change_24h": "8.19",
            "percent_change_1h": "1.18",
            "percent_change_7d": "7.60",
            "price_btc": "0.000002",
            "market_cap_usd": "501508737.90",
            "volume24": 33510214.41904492,
            "volume24a": 17758961.194728035,
            "csupply": "9633530220.00",
            "tsupply": "50000000000",
            "msupply": "50000000000"
        },
        {
            "id": "45467",
            "symbol": "EGLD",
            "name": "Elrond eGold",
            "nameid": "elrond-egold",
            "rank": 73,
            "price_usd": "36.98",
            "percent_change_24h": "4.65",
            "percent_change_1h": "0.56",
            "percent_change_7d": "5.05",
            "price_btc": "0.001178",
            "market_cap_usd": "499565035.74",
            "volume24": 19144583.50007223,
            "volume24a": 9255387.335976195,
            "csupply": "13508333.00",
            "tsupply": "20000000",
            "msupply": null
        },
        {
            "id": "77735",
            "symbol": "GMX",
            "name": "GMX",
            "nameid": "gmx",
            "rank": 74,
            "price_usd": "58.30",
            "percent_change_24h": "5.56",
            "percent_change_1h": "0.19",
            "percent_change_7d": "2.25",
            "price_btc": "0.001857",
            "market_cap_usd": "493194998.75",
            "volume24": 18670608.59641464,
            "volume24a": 9554512.319281198,
            "csupply": "8459230.00",
            "tsupply": "8872813.6496366",
            "msupply": ""
        },
        {
            "id": "42855",
            "symbol": "XAUT",
            "name": "Tether Gold",
            "nameid": "tether-gold",
            "rank": 75,
            "price_usd": "1958.15",
            "percent_change_24h": "0.32",
            "percent_change_1h": "0.02",
            "percent_change_7d": "1.72",
            "price_btc": "0.062360",
            "market_cap_usd": "482731147.96",
            "volume24": 6197922.288276482,
            "volume24a": 6197031.322190141,
            "csupply": "246524.00",
            "tsupply": "246524",
            "msupply": ""
        },
        {
            "id": "70485",
            "symbol": "KAS",
            "name": "Kaspa",
            "nameid": "kaspa",
            "rank": 76,
            "price_usd": "0.027500",
            "percent_change_24h": "4.73",
            "percent_change_1h": "0.97",
            "percent_change_7d": "33.69",
            "price_btc": "8.76E-7",
            "market_cap_usd": "455984176.37",
            "volume24": 10878227.20568744,
            "volume24a": 9183233.55022117,
            "csupply": "16581327191.00",
            "tsupply": "16581327191",
            "msupply": "28704026601"
        },
        {
            "id": "32351",
            "symbol": "HT",
            "name": "Huobi Token",
            "nameid": "huobi-token",
            "rank": 77,
            "price_usd": "2.77",
            "percent_change_24h": "2.73",
            "percent_change_1h": "0.13",
            "percent_change_7d": "2.05",
            "price_btc": "0.000088",
            "market_cap_usd": "450159064.69",
            "volume24": 12856380.248710953,
            "volume24a": 8831511.038224965,
            "csupply": "162233844.00",
            "tsupply": "500000000",
            "msupply": "500000000"
        },
        {
            "id": "32408",
            "symbol": "XDCE",
            "name": "XinFin Network",
            "nameid": "xinfin-network",
            "rank": 78,
            "price_usd": "0.033948",
            "percent_change_24h": "7.79",
            "percent_change_1h": "-0.94",
            "percent_change_7d": "5.03",
            "price_btc": "0.000001",
            "market_cap_usd": "415993591.19",
            "volume24": 1283201.4976317966,
            "volume24a": 385218.65097804886,
            "csupply": "12253720803.00",
            "tsupply": "12253720803.1",
            "msupply": "37629974945"
        },
        {
            "id": "8",
            "symbol": "DASH",
            "name": "Dash",
            "nameid": "dash",
            "rank": 79,
            "price_usd": "35.81",
            "percent_change_24h": "7.03",
            "percent_change_1h": "-0.02",
            "percent_change_7d": "0.20",
            "price_btc": "0.001140",
            "market_cap_usd": "405715315.38",
            "volume24": 68777615.95300686,
            "volume24a": 39146300.77914144,
            "csupply": "11330312.00",
            "tsupply": "11330312",
            "msupply": "18900000"
        },
        {
            "id": "48703",
            "symbol": "CSPR",
            "name": "Casper",
            "nameid": "casper",
            "rank": 80,
            "price_usd": "0.037757",
            "percent_change_24h": "2.47",
            "percent_change_1h": "0.60",
            "percent_change_7d": "-1.57",
            "price_btc": "0.000001",
            "market_cap_usd": "405574179.11",
            "volume24": 3374862.400200562,
            "volume24a": 1880486.0007010952,
            "csupply": "10741824344.00",
            "tsupply": "11071639958",
            "msupply": ""
        },
        {
            "id": "64675",
            "symbol": "KAVA",
            "name": "Kava",
            "nameid": "kava",
            "rank": 81,
            "price_usd": "0.960488",
            "percent_change_24h": "-0.64",
            "percent_change_1h": "0.00",
            "percent_change_7d": "-0.99",
            "price_btc": "0.000031",
            "market_cap_usd": "391298998.64",
            "volume24": 60708050.500786,
            "volume24a": 50326243.28563641,
            "csupply": "407395953.00",
            "tsupply": "382198521",
            "msupply": ""
        },
        {
            "id": "33213",
            "symbol": "RPL",
            "name": "Rocket Pool",
            "nameid": "rocket-pool",
            "rank": 82,
            "price_usd": "37.94",
            "percent_change_24h": "6.15",
            "percent_change_1h": "0.86",
            "percent_change_7d": "-2.29",
            "price_btc": "0.001208",
            "market_cap_usd": "390044004.55",
            "volume24": 701854.3046227983,
            "volume24a": 479225.2889884248,
            "csupply": "10279742.00",
            "tsupply": "18000000",
            "msupply": "18970871"
        },
        {
            "id": "93845",
            "symbol": "SUI",
            "name": "Sui",
            "nameid": "sui",
            "rank": 83,
            "price_usd": "0.694230",
            "percent_change_24h": "5.84",
            "percent_change_1h": "-0.33",
            "percent_change_7d": "3.41",
            "price_btc": "0.000022",
            "market_cap_usd": "366743691.40",
            "volume24": 58739372.59673255,
            "volume24a": 35237517.97363001,
            "csupply": "528273718.00",
            "tsupply": "10000000000",
            "msupply": "10000000000"
        },
        {
            "id": "41675",
            "symbol": "FLEX",
            "name": "FLEX Coin",
            "nameid": "flex-coin",
            "rank": 84,
            "price_usd": "3.69",
            "percent_change_24h": "0.50",
            "percent_change_1h": "0.56",
            "percent_change_7d": "2.10",
            "price_btc": "0.000117",
            "market_cap_usd": "363993105.08",
            "volume24": 358100.10594450636,
            "volume24a": 309980.7239337879,
            "csupply": "98672265.00",
            "tsupply": "98735764.894",
            "msupply": "99959900"
        },
        {
            "id": "32604",
            "symbol": "NEXO",
            "name": "Nexo",
            "nameid": "nexo",
            "rank": 85,
            "price_usd": "0.641020",
            "percent_change_24h": "2.67",
            "percent_change_1h": "0.94",
            "percent_change_7d": "0.50",
            "price_btc": "0.000020",
            "market_cap_usd": "358971275.16",
            "volume24": 4304537.452331539,
            "volume24a": 3132094.1189026716,
            "csupply": "560000011.00",
            "tsupply": "1000000000",
            "msupply": "1000000000"
        },
        {
            "id": "44178",
            "symbol": "TWT",
            "name": "Trust Wallet Token",
            "nameid": "trust-wallet-token",
            "rank": 86,
            "price_usd": "0.859632",
            "percent_change_24h": "3.65",
            "percent_change_1h": "0.73",
            "percent_change_7d": "-1.53",
            "price_btc": "0.000027",
            "market_cap_usd": "358165603.72",
            "volume24": 12556915.339581313,
            "volume24a": 6676962.869266608,
            "csupply": "416649900.00",
            "tsupply": "999668148",
            "msupply": "1000000000"
        },
        {
            "id": "32334",
            "symbol": "ZIL",
            "name": "Zilliqa",
            "nameid": "zilliqa",
            "rank": 87,
            "price_usd": "0.022099",
            "percent_change_24h": "5.82",
            "percent_change_1h": "-0.10",
            "percent_change_7d": "1.51",
            "price_btc": "7.04E-7",
            "market_cap_usd": "350656815.99",
            "volume24": 31233205.20146341,
            "volume24a": 21963163.27126437,
            "csupply": "15867699446.00",
            "tsupply": "17170501052.575",
            "msupply": "21000000000"
        },
        {
            "id": "36447",
            "symbol": "RUNE",
            "name": "THORChain",
            "nameid": "thorchain",
            "rank": 88,
            "price_usd": "1.06",
            "percent_change_24h": "8.41",
            "percent_change_1h": "0.46",
            "percent_change_7d": "0.28",
            "price_btc": "0.000034",
            "market_cap_usd": "347317632.15",
            "volume24": 10699102.773798527,
            "volume24a": 5126404.855867817,
            "csupply": "327056566.00",
            "tsupply": "498910727",
            "msupply": "500000000"
        },
        {
            "id": "59967",
            "symbol": "FEI",
            "name": "Fei USD",
            "nameid": "fei-usd",
            "rank": 89,
            "price_usd": "0.794400",
            "percent_change_24h": "-2.02",
            "percent_change_1h": "-0.25",
            "percent_change_7d": "-11.86",
            "price_btc": "0.000025",
            "market_cap_usd": "337616963.01",
            "volume24": 930835.696658916,
            "volume24a": 951406.601252914,
            "csupply": "424996177.00",
            "tsupply": "426116732.69177",
            "msupply": ""
        },
        {
            "id": "2581",
            "symbol": "ENJ",
            "name": "Enjin Coin",
            "nameid": "enjin-coin",
            "rank": 90,
            "price_usd": "0.321730",
            "percent_change_24h": "8.34",
            "percent_change_1h": "0.73",
            "percent_change_7d": "2.41",
            "price_btc": "0.000010",
            "market_cap_usd": "321730016.70",
            "volume24": 19384643.116119973,
            "volume24a": 13062101.027922658,
            "csupply": "1000000000.00",
            "tsupply": "1000000000",
            "msupply": "1000000000"
        },
        {
            "id": "2781",
            "symbol": "LRC",
            "name": "Loopring",
            "nameid": "loopring",
            "rank": 91,
            "price_usd": "0.241646",
            "percent_change_24h": "6.11",
            "percent_change_1h": "0.35",
            "percent_change_7d": "0.46",
            "price_btc": "0.000008",
            "market_cap_usd": "321420985.82",
            "volume24": 29180715.00351701,
            "volume24a": 15386255.211949758,
            "csupply": "1330133545.00",
            "tsupply": "1395076054",
            "msupply": "1374513896"
        },
        {
            "id": "184",
            "symbol": "BAT",
            "name": "Basic Attention Token",
            "nameid": "basic-attention-token",
            "rank": 92,
            "price_usd": "0.212702",
            "percent_change_24h": "7.93",
            "percent_change_1h": "0.51",
            "percent_change_7d": "4.91",
            "price_btc": "0.000007",
            "market_cap_usd": "317956437.85",
            "volume24": 17272510.767774526,
            "volume24a": 12692277.44598554,
            "csupply": "1494845201.00",
            "tsupply": "1500000000",
            "msupply": "1500000000"
        },
        {
            "id": "167",
            "symbol": "GNO",
            "name": "Gnosis",
            "nameid": "gnosis-gno",
            "rank": 93,
            "price_usd": "121.66",
            "percent_change_24h": "5.85",
            "percent_change_1h": "0.55",
            "percent_change_7d": "3.22",
            "price_btc": "0.003875",
            "market_cap_usd": "315057150.35",
            "volume24": 1514524.1746736185,
            "volume24a": 552331.6121255019,
            "csupply": "2589588.00",
            "tsupply": "10000000",
            "msupply": "3000000"
        },
        {
            "id": "48829",
            "symbol": "CVX",
            "name": "Convex Finance",
            "nameid": "convex-finance",
            "rank": 94,
            "price_usd": "4.22",
            "percent_change_24h": "5.37",
            "percent_change_1h": "0.20",
            "percent_change_7d": "1.11",
            "price_btc": "0.000135",
            "market_cap_usd": "314794986.72",
            "volume24": 2289906.826280463,
            "volume24a": 1226026.8556422375,
            "csupply": "74512928.00",
            "tsupply": "97711828",
            "msupply": "100000000"
        },
        {
            "id": "54377",
            "symbol": "DYDX",
            "name": "dYdX",
            "nameid": "dydx",
            "rank": 95,
            "price_usd": "2.01",
            "percent_change_24h": "9.30",
            "percent_change_1h": "0.47",
            "percent_change_7d": "4.26",
            "price_btc": "0.000064",
            "market_cap_usd": "314456263.89",
            "volume24": 62144010.99944072,
            "volume24a": 32510526.432272017,
            "csupply": "156256174.00",
            "tsupply": "1000000000",
            "msupply": "1000000000"
        },
        {
            "id": "32354",
            "symbol": "AGIX",
            "name": "SingularityNET",
            "nameid": "singularitynet",
            "rank": 96,
            "price_usd": "0.258181",
            "percent_change_24h": "6.47",
            "percent_change_1h": "0.63",
            "percent_change_7d": "5.71",
            "price_btc": "0.000008",
            "market_cap_usd": "310881913.96",
            "volume24": 241913059.78956327,
            "volume24a": 101241922.9483994,
            "csupply": "1204121857.00",
            "tsupply": "1260840661.7364",
            "msupply": "2000000000"
        },
        {
            "id": "237",
            "symbol": "QTUM",
            "name": "Qtum",
            "nameid": "qtum",
            "rank": 97,
            "price_usd": "2.91",
            "percent_change_24h": "6.09",
            "percent_change_1h": "0.54",
            "percent_change_7d": "1.70",
            "price_btc": "0.000093",
            "market_cap_usd": "304142954.30",
            "volume24": 36109946.602598995,
            "volume24a": 28001892.85135215,
            "csupply": "104532083.00",
            "tsupply": "107822406",
            "msupply": "107822406"
        },
        {
            "id": "46572",
            "symbol": "ROSE",
            "name": "Oasis Network",
            "nameid": "oasis-network",
            "rank": 98,
            "price_usd": "0.052274",
            "percent_change_24h": "7.07",
            "percent_change_1h": "0.50",
            "percent_change_7d": "2.84",
            "price_btc": "0.000002",
            "market_cap_usd": "299308230.12",
            "volume24": 39651135.157502055,
            "volume24a": 15561282.873874439,
            "csupply": "5725718533.00",
            "tsupply": "10000000000",
            "msupply": "10000000000"
        },
        {
            "id": "70497",
            "symbol": "OP",
            "name": "Optimism",
            "nameid": "optimism",
            "rank": 99,
            "price_usd": "1.36",
            "percent_change_24h": "11.98",
            "percent_change_1h": "0.65",
            "percent_change_7d": "8.47",
            "price_btc": "0.000043",
            "market_cap_usd": "292535308.22",
            "volume24": 185918086.33496958,
            "volume24a": 71493428.74446507,
            "csupply": "214748364.00",
            "tsupply": "4294967296",
            "msupply": "4294967296"
        },
        {
            "id": "36329",
            "symbol": "MX",
            "name": "MX Token",
            "nameid": "mx-token",
            "rank": 100,
            "price_usd": "2.91",
            "percent_change_24h": "3.56",
            "percent_change_1h": "0.04",
            "percent_change_7d": "10.72",
            "price_btc": "0.000093",
            "market_cap_usd": "291409374.44",
            "volume24": 3681759.435658121,
            "volume24a": 3681075.8777788985,
            "csupply": "99999999.00",
            "tsupply": "437200002",
            "msupply": ""
        }
    ],
    "info": {
        "coins_num": 11056,
        "time": 1689291722
    }
}
]]></system-out>
  </testcase>
  <testcase name="FilterAssests" classname="test.Filter_BTC_ETH_Assets" time="0.411"/>
  <testcase name="ValidateSchema" classname="test.SchemaValidation" time="0.705"/>
</testsuite>